<?xml version="1.0" encoding="UTF-8"?>
<!-- Generated by org.testng.reporters.JUnitXMLReporter -->
<testsuite ignored="0" hostname="DESKTOP-FMB1J5N" failures="1" tests="7" name="Test" time="244.484" errors="0" timestamp="2023-05-18T15:51:32 EDT">
  <testcase classname="practiceProjects_test.RetryAnalyzerPractiseTests" name="TC_001_validCredentials" time="8.33">
    <skipped/>
  </testcase> <!-- TC_001_validCredentials -->
  <testcase classname="practiceProjects_test.RetryAnalyzerPractiseTests" name="TC_001_validCredentials" time="22.347"/>
  <testcase classname="practiceProjects_test.RetryAnalyzerPractiseTests" name="TC_002_inValidCredntials" time="19.53">
    <skipped/>
  </testcase> <!-- TC_002_inValidCredntials -->
  <testcase classname="practiceProjects_test.RetryAnalyzerPractiseTests" name="TC_002_inValidCredntials" time="29.551">
    <skipped/>
  </testcase> <!-- TC_002_inValidCredntials -->
  <testcase classname="practiceProjects_test.RetryAnalyzerPractiseTests" name="TC_002_inValidCredntials" time="78.351">
    <skipped/>
  </testcase> <!-- TC_002_inValidCredntials -->
  <testcase classname="practiceProjects_test.RetryAnalyzerPractiseTests" name="TC_002_inValidCredntials" time="60.906">
    <skipped/>
  </testcase> <!-- TC_002_inValidCredntials -->
  <testcase classname="practiceProjects_test.RetryAnalyzerPractiseTests" name="TC_002_inValidCredntials" time="25.277">
    <failure type="org.openqa.selenium.UnhandledAlertException" message="unexpected alert open: {Alert text : User or Password is not valid}
  (Session info: chrome=113.0.5672.94): User or Password is not valid
Build info: version: &amp;apos;4.9.0&amp;apos;, revision: &amp;apos;d7057100a6&amp;apos;
System info: os.name: &amp;apos;Windows 10&amp;apos;, os.arch: &amp;apos;amd64&amp;apos;, os.version: &amp;apos;10.0&amp;apos;, java.version: &amp;apos;12.0.2&amp;apos;
Driver info: org.openqa.selenium.chrome.ChromeDriver
Command: [675323a7266f2a5bfa19f0c5dc534284, findElement {using=css selector, value=h2.barone}]
Capabilities {acceptInsecureCerts: false, browserName: chrome, browserVersion: 113.0.5672.94, chrome: {chromedriverVersion: 113.0.5672.63 (0e1a4471d5ae..., userDataDir: C:\Users\NIKILK~1\AppData\L...}, goog:chromeOptions: {debuggerAddress: localhost:55028}, networkConnectionEnabled: false, pageLoadStrategy: normal, platformName: WINDOWS, proxy: Proxy(), se:cdp: ws://localhost:55028/devtoo..., se:cdpVersion: 113.0.5672.94, setWindowRect: true, strictFileInteractability: false, timeouts: {implicit: 0, pageLoad: 300000, script: 30000}, unhandledPromptBehavior: dismiss and notify, webauthn:extension:credBlob: true, webauthn:extension:largeBlob: true, webauthn:extension:minPinLength: true, webauthn:extension:prf: true, webauthn:virtualAuthenticators: true}
Session ID: 675323a7266f2a5bfa19f0c5dc534284">
      <![CDATA[org.openqa.selenium.UnhandledAlertException: unexpected alert open: {Alert text : User or Password is not valid}
  (Session info: chrome=113.0.5672.94): User or Password is not valid
Build info: version: '4.9.0', revision: 'd7057100a6'
System info: os.name: 'Windows 10', os.arch: 'amd64', os.version: '10.0', java.version: '12.0.2'
Driver info: org.openqa.selenium.chrome.ChromeDriver
Command: [675323a7266f2a5bfa19f0c5dc534284, findElement {using=css selector, value=h2.barone}]
Capabilities {acceptInsecureCerts: false, browserName: chrome, browserVersion: 113.0.5672.94, chrome: {chromedriverVersion: 113.0.5672.63 (0e1a4471d5ae..., userDataDir: C:\Users\NIKILK~1\AppData\L...}, goog:chromeOptions: {debuggerAddress: localhost:55028}, networkConnectionEnabled: false, pageLoadStrategy: normal, platformName: WINDOWS, proxy: Proxy(), se:cdp: ws://localhost:55028/devtoo..., se:cdpVersion: 113.0.5672.94, setWindowRect: true, strictFileInteractability: false, timeouts: {implicit: 0, pageLoad: 300000, script: 30000}, unhandledPromptBehavior: dismiss and notify, webauthn:extension:credBlob: true, webauthn:extension:largeBlob: true, webauthn:extension:minPinLength: true, webauthn:extension:prf: true, webauthn:virtualAuthenticators: true}
Session ID: 675323a7266f2a5bfa19f0c5dc534284
at org.openqa.selenium.remote.codec.w3c.W3CHttpResponseCodec.decode(W3CHttpResponseCodec.java:131)
at org.openqa.selenium.remote.codec.w3c.W3CHttpResponseCodec.decode(W3CHttpResponseCodec.java:53)
at org.openqa.selenium.remote.HttpCommandExecutor.execute(HttpCommandExecutor.java:193)
at org.openqa.selenium.remote.service.DriverCommandExecutor.invokeExecute(DriverCommandExecutor.java:183)
at org.openqa.selenium.remote.service.DriverCommandExecutor.execute(DriverCommandExecutor.java:158)
at org.openqa.selenium.remote.RemoteWebDriver.execute(RemoteWebDriver.java:543)
at org.openqa.selenium.remote.ElementLocation$ElementFinder$2.findElement(ElementLocation.java:162)
at org.openqa.selenium.remote.ElementLocation.findElement(ElementLocation.java:60)
at org.openqa.selenium.remote.RemoteWebDriver.findElement(RemoteWebDriver.java:352)
at org.openqa.selenium.remote.RemoteWebDriver.findElement(RemoteWebDriver.java:344)
at practiceProjects_test.RetryAnalyzerPractiseTests.TC_002_inValidCredntials(RetryAnalyzerPractiseTests.java:31)
at java.base/java.util.ArrayList.forEach(ArrayList.java:1540)
... Removed 27 stack frames]]>
    </failure>
  </testcase> <!-- TC_002_inValidCredntials -->
</testsuite> <!-- Test -->
